#
# A fatal error has been detected by the Java Runtime Environment:
#
#  Internal Error (classFileParser.cpp:3494), pid=4260, tid=4108
#  Error: ShouldNotReachHere()
#
# JRE version: 6.0_31-b05
# Java VM: Java HotSpot(TM) Client VM (20.6-b01 mixed mode windows-x86 )
# If you would like to submit a bug report, please visit:
#   http://java.sun.com/webapps/bugreport/crash.jsp
#

---------------  T H R E A D  ---------------

Current thread (0x01989800):  JavaThread "Unknown thread" [_thread_in_vm, id=4108, stack(0x002d0000,0x00320000)]

Stack: [0x002d0000,0x00320000],  sp=0x0031f86c,  free space=318k
Native frames: (J=compiled Java code, j=interpreted, Vv=VM code, C=native code)
V  [jvm.dll+0x1335ca]
V  [jvm.dll+0x12e57b]
V  [jvm.dll+0x1639e]
V  [jvm.dll+0x17bdf]
V  [jvm.dll+0x26cc5]
V  [jvm.dll+0x27506]
V  [jvm.dll+0x278b5]
V  [jvm.dll+0x27949]
V  [jvm.dll+0x27a0c]
V  [jvm.dll+0x27a8a]
V  [jvm.dll+0x27b6d]
V  [jvm.dll+0x27e39]
V  [jvm.dll+0x6c383]
V  [jvm.dll+0x6c75c]
V  [jvm.dll+0xf9b4c]
V  [jvm.dll+0x11848b]
V  [jvm.dll+0x9eb60]
C  [javaw.exe+0x1657]
C  [javaw.exe+0x1e2c]
C  [javaw.exe+0x8614]
C  [KERNEL32.dll+0x51154]  BaseThreadInitThunk+0x12
C  [ntdll.dll+0x5b299]  RtlInitializeExceptionChain+0x63
C  [ntdll.dll+0x5b26c]  RtlInitializeExceptionChain+0x36


---------------  P R O C E S S  ---------------

Java Threads: ( => current thread )

Other Threads:

=>0x01989800 (exited) JavaThread "Unknown thread" [_thread_in_vm, id=4108, stack(0x002d0000,0x00320000)]

VM state:not at safepoint (not fully initialized)

VM Mutex/Monitor currently owned by a thread: None

Dynamic libraries:
0x00400000 - 0x00425000 	C:\Program Files\Java\jre6\bin\javaw.exe
0x76e20000 - 0x76f5c000 	C:\Windows\SYSTEM32\ntdll.dll
0x6e940000 - 0x6e97f000 	C:\Program Files\AVAST Software\Avast\snxhk.dll
0x76a10000 - 0x76ae4000 	C:\Windows\system32\KERNEL32.dll
0x75170000 - 0x751bb000 	C:\Windows\system32\KERNELBASE.dll
0x76fb0000 - 0x77050000 	C:\Windows\system32\ADVAPI32.dll
0x76b70000 - 0x76c1c000 	C:\Windows\system32\msvcrt.dll
0x76120000 - 0x76139000 	C:\Windows\SYSTEM32\sechost.dll
0x75fe0000 - 0x76081000 	C:\Windows\system32\RPCRT4.dll
0x76940000 - 0x76a09000 	C:\Windows\system32\USER32.dll
0x763f0000 - 0x7643e000 	C:\Windows\system32\GDI32.dll
0x76550000 - 0x7655a000 	C:\Windows\system32\LPK.dll
0x76450000 - 0x764ed000 	C:\Windows\system32\USP10.dll
0x75270000 - 0x7528f000 	C:\Windows\system32\IMM32.DLL
0x75290000 - 0x7535c000 	C:\Windows\system32\MSCTF.dll
0x7c340000 - 0x7c396000 	C:\Program Files\Java\jre6\bin\msvcr71.dll
0x6d7f0000 - 0x6da9f000 	C:\Program Files\Java\jre6\bin\client\jvm.dll
0x73540000 - 0x73572000 	C:\Windows\system32\WINMM.dll
0x74ea0000 - 0x74eeb000 	C:\Windows\system32\apphelp.dll
0x6d7a0000 - 0x6d7ac000 	C:\Program Files\Java\jre6\bin\verify.dll
0x6d320000 - 0x6d33f000 	C:\Program Files\Java\jre6\bin\java.dll
0x6d7e0000 - 0x6d7ef000 	C:\Program Files\Java\jre6\bin\zip.dll
0x76440000 - 0x76445000 	C:\Windows\system32\PSAPI.DLL

VM Arguments:
jvm_args: -Dfile.encoding=UTF-8 -Xbootclasspath:E:\Android\adt-bundle-windows-x86-20130522\sdk\platforms\android-17\android.jar 
java_command: andy.study.dailyrecord.util.ToolUtils
Launcher Type: SUN_STANDARD

Environment Variables:
JAVA_HOME=E:\Java\JDK\
CLASSPATH=.;E:\Java\JDK\\lib\tools.jar;E:\Java\JDK\\lib\dt.jar;
PATH=C:/Program Files/Java/jre6/bin/client;C:/Program Files/Java/jre6/bin;C:/Program Files/Java/jre6/lib/i386;C:\Program Files\SenchaSDKTools-2.0.0-beta3;C:\Program Files\AMD APP\bin\x86;C:\Windows\system32;C:\Windows;C:\Windows\System32\Wbem;C:\Windows\System32\WindowsPowerShell\v1.0\;C:\Program Files\ATI Technologies\ATI.ACE\Core-Static;E:\Java\JDK\bin\;C:\Program Files\MySQL\MySQL Server 5.1\bin\;C:\Program Files\Common Files\Adobe\AGL;C:\Program Files\Microsoft SQL Server\80\Tools\Binn\;D:\SoftWare\apache-maven-3.2.1\bin;E:\SSH_LINUX;E:\Android\adt-bundle-windows-x86-20130522\eclipse;
USERNAME=Administrator
OS=Windows_NT
PROCESSOR_IDENTIFIER=x86 Family 16 Model 5 Stepping 3, AuthenticAMD



---------------  S Y S T E M  ---------------

OS: Windows 7 Build 7600 

CPU:total 4 (4 cores per cpu, 1 threads per core) family 16 model 5 stepping 3, cmov, cx8, fxsr, mmx, sse, sse2, sse3, popcnt, mmxext, 3dnow, 3dnowext, lzcnt, sse4a

Memory: 4k page, physical 2881152k(802308k free), swap 5760540k(2728700k free)

vm_info: Java HotSpot(TM) Client VM (20.6-b01) for windows-x86 JRE (1.6.0_31-b05), built on Feb  3 2012 18:44:09 by "java_re" with MS VC++ 7.1 (VS2003)

time: Wed Jun 11 21:31:32 2014
elapsed time: 0 seconds

